0 info it worked if it ends with ok
1 verbose cli [ '/home/kaore/.nvm/versions/node/v6.2.0/bin/node',
1 verbose cli   '/home/kaore/.nvm/versions/node/v6.2.0/bin/npm',
1 verbose cli   'link' ]
2 info using npm@3.8.9
3 info using node@v6.2.0
4 verbose linkPkg /home/kaore/Dev/lib/agenda-event-references
5 silly gentlyRm /home/kaore/.nvm/versions/node/v6.2.0/lib/node_modules/agenda-event-references is being purged
6 verbose gentlyRm don't care about contents; nuking /home/kaore/.nvm/versions/node/v6.2.0/lib/node_modules/agenda-event-references
7 silly vacuum-fs purging /home/kaore/.nvm/versions/node/v6.2.0/lib/node_modules/agenda-event-references
8 silly vacuum-fs quitting because other entries in /home/kaore/.nvm/versions/node/v6.2.0/lib/node_modules
9 verbose link build target /home/kaore/.nvm/versions/node/v6.2.0/lib/node_modules/agenda-event-references
10 silly loadCurrentTree Starting
11 silly install loadCurrentTree
12 silly install readLocalPackageData
13 silly install normalizeTree
14 silly loadCurrentTree Finishing
15 silly loadIdealTree Starting
16 silly install loadIdealTree
17 silly cloneCurrentTree Starting
18 silly install cloneCurrentTreeToIdealTree
19 silly cloneCurrentTree Finishing
20 silly loadShrinkwrap Starting
21 silly install loadShrinkwrap
22 silly loadShrinkwrap Finishing
23 silly loadAllDepsIntoIdealTree Starting
24 silly install loadAllDepsIntoIdealTree
25 silly fetchOtherPackageData labels@git+ssh://git@bitbucket.org/openagenda/labels.git
26 silly cache add args [ 'labels@git+ssh://git@bitbucket.org/openagenda/labels.git',
26 silly cache add   null ]
27 verbose cache add spec labels@git+ssh://git@bitbucket.org/openagenda/labels.git
28 silly cache add parsed spec Result {
28 silly cache add   raw: 'labels@git+ssh://git@bitbucket.org/openagenda/labels.git',
28 silly cache add   scope: null,
28 silly cache add   name: 'labels',
28 silly cache add   rawSpec: 'git+ssh://git@bitbucket.org/openagenda/labels.git',
28 silly cache add   spec: 'git+ssh://git@bitbucket.org/openagenda/labels.git',
28 silly cache add   type: 'hosted',
28 silly cache add   hosted:
28 silly cache add    { type: 'bitbucket',
28 silly cache add      ssh: 'git@bitbucket.org:openagenda/labels.git',
28 silly cache add      sshUrl: 'git+ssh://git@bitbucket.org/openagenda/labels.git',
28 silly cache add      httpsUrl: 'git+https://bitbucket.org/openagenda/labels.git',
28 silly cache add      gitUrl: undefined,
28 silly cache add      shortcut: 'bitbucket:openagenda/labels',
28 silly cache add      directUrl: 'https://bitbucket.org/openagenda/labels/raw/master/package.json' } }
29 verbose addRemoteGit caching git+ssh://git@bitbucket.org/openagenda/labels.git
30 verbose addRemoteGit git+ssh://git@bitbucket.org/openagenda/labels.git is a repository hosted by bitbucket
31 silly tryClone cloning git+ssh://git@bitbucket.org/openagenda/labels.git via git+ssh://git@bitbucket.org/openagenda/labels.git
32 verbose tryClone git-ssh-git-bitbucket-org-openagenda-labels-git-9a623d6f not in flight; caching
33 verbose correctMkdir /home/kaore/.npm/_git-remotes correctMkdir not in flight; initializing
34 info git [ 'config', '--get', 'remote.origin.url' ]
35 silly validateExistingRemote git+ssh://git@bitbucket.org/openagenda/labels.git remote.origin.url: ssh://git@bitbucket.org/openagenda/labels.git
36 verbose validateExistingRemote git+ssh://git@bitbucket.org/openagenda/labels.git is updating existing cached remote /home/kaore/.npm/_git-remotes/git-ssh-git-bitbucket-org-openagenda-labels-git-9a623d6f
37 info git [ 'fetch', '-a', 'origin' ]
38 error git fetch -a origin (ssh://git@bitbucket.org/openagenda/labels.git) ssh: Could not resolve hostname bitbucket.org: Name or service not known
38 error git fetch -a origin (ssh://git@bitbucket.org/openagenda/labels.git) fatal: Could not read from remote repository.
38 error git fetch -a origin (ssh://git@bitbucket.org/openagenda/labels.git)
38 error git fetch -a origin (ssh://git@bitbucket.org/openagenda/labels.git) Please make sure you have the correct access rights
38 error git fetch -a origin (ssh://git@bitbucket.org/openagenda/labels.git) and the repository exists.
39 silly fetchPackageMetaData Error: Command failed: git fetch -a origin
39 silly fetchPackageMetaData ssh: Could not resolve hostname bitbucket.org: Name or service not known
39 silly fetchPackageMetaData fatal: Could not read from remote repository.
39 silly fetchPackageMetaData
39 silly fetchPackageMetaData Please make sure you have the correct access rights
39 silly fetchPackageMetaData and the repository exists.
39 silly fetchPackageMetaData
39 silly fetchPackageMetaData     at ChildProcess.exithandler (child_process.js:202:12)
39 silly fetchPackageMetaData     at emitTwo (events.js:106:13)
39 silly fetchPackageMetaData     at ChildProcess.emit (events.js:191:7)
39 silly fetchPackageMetaData     at maybeClose (internal/child_process.js:850:16)
39 silly fetchPackageMetaData     at Socket.<anonymous> (internal/child_process.js:323:11)
39 silly fetchPackageMetaData     at emitOne (events.js:96:13)
39 silly fetchPackageMetaData     at Socket.emit (events.js:188:7)
39 silly fetchPackageMetaData     at Pipe._handle.close [as _onclose] (net.js:492:12)
39 silly fetchPackageMetaData  error for labels@git+ssh://git@bitbucket.org/openagenda/labels.git { Error: Command failed: git fetch -a origin
39 silly fetchPackageMetaData ssh: Could not resolve hostname bitbucket.org: Name or service not known
39 silly fetchPackageMetaData fatal: Could not read from remote repository.
39 silly fetchPackageMetaData
39 silly fetchPackageMetaData Please make sure you have the correct access rights
39 silly fetchPackageMetaData and the repository exists.
39 silly fetchPackageMetaData
39 silly fetchPackageMetaData     at ChildProcess.exithandler (child_process.js:202:12)
39 silly fetchPackageMetaData     at emitTwo (events.js:106:13)
39 silly fetchPackageMetaData     at ChildProcess.emit (events.js:191:7)
39 silly fetchPackageMetaData     at maybeClose (internal/child_process.js:850:16)
39 silly fetchPackageMetaData     at Socket.<anonymous> (internal/child_process.js:323:11)
39 silly fetchPackageMetaData     at emitOne (events.js:96:13)
39 silly fetchPackageMetaData     at Socket.emit (events.js:188:7)
39 silly fetchPackageMetaData     at Pipe._handle.close [as _onclose] (net.js:492:12)
39 silly fetchPackageMetaData   killed: false,
39 silly fetchPackageMetaData   code: 128,
39 silly fetchPackageMetaData   signal: null,
39 silly fetchPackageMetaData   cmd: 'git fetch -a origin' }
40 silly rollbackFailedOptional Starting
41 silly rollbackFailedOptional Finishing
42 silly runTopLevelLifecycles Starting
43 silly runTopLevelLifecycles Finishing
44 silly install printInstalled
45 verbose stack Error: Command failed: git fetch -a origin
45 verbose stack ssh: Could not resolve hostname bitbucket.org: Name or service not known
45 verbose stack fatal: Could not read from remote repository.
45 verbose stack
45 verbose stack Please make sure you have the correct access rights
45 verbose stack and the repository exists.
45 verbose stack
45 verbose stack     at ChildProcess.exithandler (child_process.js:202:12)
45 verbose stack     at emitTwo (events.js:106:13)
45 verbose stack     at ChildProcess.emit (events.js:191:7)
45 verbose stack     at maybeClose (internal/child_process.js:850:16)
45 verbose stack     at Socket.<anonymous> (internal/child_process.js:323:11)
45 verbose stack     at emitOne (events.js:96:13)
45 verbose stack     at Socket.emit (events.js:188:7)
45 verbose stack     at Pipe._handle.close [as _onclose] (net.js:492:12)
46 verbose cwd /home/kaore/Dev/lib/agenda-event-references
47 error Linux 3.13.0-88-generic
48 error argv "/home/kaore/.nvm/versions/node/v6.2.0/bin/node" "/home/kaore/.nvm/versions/node/v6.2.0/bin/npm" "link"
49 error node v6.2.0
50 error npm  v3.8.9
51 error code 128
52 error Command failed: git fetch -a origin
52 error ssh: Could not resolve hostname bitbucket.org: Name or service not known
52 error fatal: Could not read from remote repository.
52 error
52 error Please make sure you have the correct access rights
52 error and the repository exists.
53 error If you need help, you may report this error at:
53 error     <https://github.com/npm/npm/issues>
54 verbose exit [ 1, true ]
