0 info it worked if it ends with ok
1 verbose cli [ '/usr/local/bin/node',
1 verbose cli   '/usr/local/bin/npm',
1 verbose cli   'install',
1 verbose cli   '--save',
1 verbose cli   'when/guard' ]
2 info using npm@2.14.2
3 info using node@v4.0.0
4 verbose install initial load of /home/kaore/Dev/lib/agendas/package.json
5 warn package.json agendas@1.0.0 No description
6 warn package.json agendas@1.0.0 No repository field.
7 warn package.json agendas@1.0.0 No README data
8 verbose installManyTop reading scoped package data from /home/kaore/Dev/lib/agendas/node_modules/async/package.json
9 verbose installManyTop reading scoped package data from /home/kaore/Dev/lib/agendas/node_modules/knex/package.json
10 verbose installManyTop reading scoped package data from /home/kaore/Dev/lib/agendas/node_modules/mysql/package.json
11 verbose installManyTop reading scoped package data from /home/kaore/Dev/lib/agendas/node_modules/should/package.json
12 verbose installManyTop reading scoped package data from /home/kaore/Dev/lib/agendas/node_modules/utils/package.json
13 verbose installManyTop reading scoped package data from /home/kaore/Dev/lib/agendas/node_modules/validators/package.json
14 verbose installManyTop reading scoped package data from /home/kaore/Dev/lib/agendas/node_modules/when/package.json
15 info package.json utils@0.0.9 No repository field.
16 info package.json validators@1.0.1 No repository field.
17 verbose readDependencies loading dependencies from /home/kaore/Dev/lib/agendas/package.json
18 silly cache add args [ 'when/guard', null ]
19 verbose cache add spec when/guard
20 silly cache add parsed spec Result {
20 silly cache add   raw: 'when/guard',
20 silly cache add   scope: null,
20 silly cache add   name: null,
20 silly cache add   rawSpec: 'when/guard',
20 silly cache add   spec: 'github:when/guard',
20 silly cache add   type: 'hosted',
20 silly cache add   hosted:
20 silly cache add    { type: 'github',
20 silly cache add      ssh: 'git@github.com:when/guard.git',
20 silly cache add      sshUrl: 'git+ssh://git@github.com/when/guard.git',
20 silly cache add      httpsUrl: 'git+https://github.com/when/guard.git',
20 silly cache add      gitUrl: 'git://github.com/when/guard.git',
20 silly cache add      shortcut: 'github:when/guard',
20 silly cache add      directUrl: 'https://raw.githubusercontent.com/when/guard/master/package.json' } }
21 verbose addRemoteGit caching when/guard
22 verbose addRemoteGit when/guard is a repository hosted by github
23 silly tryGitProto attempting to clone git://github.com/when/guard.git
24 silly tryClone cloning when/guard via git://github.com/when/guard.git
25 verbose tryClone git-github-com-when-guard-git-8ed5b4ca not in flight; caching
26 info git [ 'clone',
26 info git   '--template=/home/kaore/.npm/_git-remotes/_templates',
26 info git   '--mirror',
26 info git   'git://github.com/when/guard.git',
26 info git   '/home/kaore/.npm/_git-remotes/git-github-com-when-guard-git-8ed5b4ca' ]
27 verbose git clone --template=/home/kaore/.npm/_git-remotes/_templates --mirror git://github.com/when/guard.git /home/kaore/.npm/_git-remotes/git-github-com-when-guard-git-8ed5b4ca: Cloning into bare repository '/home/kaore/.npm/_git-remotes/git-github-com-when-guard-git-8ed5b4ca'...
27 verbose git clone --template=/home/kaore/.npm/_git-remotes/_templates --mirror git://github.com/when/guard.git /home/kaore/.npm/_git-remotes/git-github-com-when-guard-git-8ed5b4ca: fatal: remote error:
27 verbose git clone --template=/home/kaore/.npm/_git-remotes/_templates --mirror git://github.com/when/guard.git /home/kaore/.npm/_git-remotes/git-github-com-when-guard-git-8ed5b4ca:   Repository not found.
28 silly tryHTTPS attempting to clone git+https://github.com/when/guard.git
29 silly tryClone cloning when/guard via git+https://github.com/when/guard.git
30 verbose tryClone https-github-com-when-guard-git-b530ea5b not in flight; caching
31 info git [ 'clone',
31 info git   '--template=/home/kaore/.npm/_git-remotes/_templates',
31 info git   '--mirror',
31 info git   'https://github.com/when/guard.git',
31 info git   '/home/kaore/.npm/_git-remotes/https-github-com-when-guard-git-b530ea5b' ]
32 verbose git clone --template=/home/kaore/.npm/_git-remotes/_templates --mirror https://github.com/when/guard.git /home/kaore/.npm/_git-remotes/https-github-com-when-guard-git-b530ea5b: Cloning into bare repository '/home/kaore/.npm/_git-remotes/https-github-com-when-guard-git-b530ea5b'...
32 verbose git clone --template=/home/kaore/.npm/_git-remotes/_templates --mirror https://github.com/when/guard.git /home/kaore/.npm/_git-remotes/https-github-com-when-guard-git-b530ea5b: remote: Invalid username or password.
32 verbose git clone --template=/home/kaore/.npm/_git-remotes/_templates --mirror https://github.com/when/guard.git /home/kaore/.npm/_git-remotes/https-github-com-when-guard-git-b530ea5b: fatal: Authentication failed for 'https://github.com/when/guard.git/'
33 silly trySSH attempting to clone git@github.com:when/guard.git
34 silly tryClone cloning when/guard via git@github.com:when/guard.git
35 verbose tryClone git-github-com-when-guard-git-096062f4 not in flight; caching
36 info git [ 'clone',
36 info git   '--template=/home/kaore/.npm/_git-remotes/_templates',
36 info git   '--mirror',
36 info git   'git@github.com:when/guard.git',
36 info git   '/home/kaore/.npm/_git-remotes/git-github-com-when-guard-git-096062f4' ]
37 error git clone --template=/home/kaore/.npm/_git-remotes/_templates --mirror git@github.com:when/guard.git /home/kaore/.npm/_git-remotes/git-github-com-when-guard-git-096062f4: Cloning into bare repository '/home/kaore/.npm/_git-remotes/git-github-com-when-guard-git-096062f4'...
37 error git clone --template=/home/kaore/.npm/_git-remotes/_templates --mirror git@github.com:when/guard.git /home/kaore/.npm/_git-remotes/git-github-com-when-guard-git-096062f4: Permission denied (publickey).
37 error git clone --template=/home/kaore/.npm/_git-remotes/_templates --mirror git@github.com:when/guard.git /home/kaore/.npm/_git-remotes/git-github-com-when-guard-git-096062f4: fatal: Could not read from remote repository.
37 error git clone --template=/home/kaore/.npm/_git-remotes/_templates --mirror git@github.com:when/guard.git /home/kaore/.npm/_git-remotes/git-github-com-when-guard-git-096062f4:
37 error git clone --template=/home/kaore/.npm/_git-remotes/_templates --mirror git@github.com:when/guard.git /home/kaore/.npm/_git-remotes/git-github-com-when-guard-git-096062f4: Please make sure you have the correct access rights
37 error git clone --template=/home/kaore/.npm/_git-remotes/_templates --mirror git@github.com:when/guard.git /home/kaore/.npm/_git-remotes/git-github-com-when-guard-git-096062f4: and the repository exists.
38 verbose stack Error: Command failed: git clone --template=/home/kaore/.npm/_git-remotes/_templates --mirror git@github.com:when/guard.git /home/kaore/.npm/_git-remotes/git-github-com-when-guard-git-096062f4
38 verbose stack Cloning into bare repository '/home/kaore/.npm/_git-remotes/git-github-com-when-guard-git-096062f4'...
38 verbose stack Permission denied (publickey).
38 verbose stack fatal: Could not read from remote repository.
38 verbose stack
38 verbose stack Please make sure you have the correct access rights
38 verbose stack and the repository exists.
38 verbose stack
38 verbose stack     at ChildProcess.exithandler (child_process.js:203:12)
38 verbose stack     at emitTwo (events.js:87:13)
38 verbose stack     at ChildProcess.emit (events.js:172:7)
38 verbose stack     at maybeClose (internal/child_process.js:817:16)
38 verbose stack     at Process.ChildProcess._handle.onexit (internal/child_process.js:211:5)
39 verbose cwd /home/kaore/Dev/lib/agendas
40 error Linux 3.13.0-83-generic
41 error argv "/usr/local/bin/node" "/usr/local/bin/npm" "install" "--save" "when/guard"
42 error node v4.0.0
43 error npm  v2.14.2
44 error code 128
45 error Command failed: git clone --template=/home/kaore/.npm/_git-remotes/_templates --mirror git@github.com:when/guard.git /home/kaore/.npm/_git-remotes/git-github-com-when-guard-git-096062f4
45 error Cloning into bare repository '/home/kaore/.npm/_git-remotes/git-github-com-when-guard-git-096062f4'...
45 error Permission denied (publickey).
45 error fatal: Could not read from remote repository.
45 error
45 error Please make sure you have the correct access rights
45 error and the repository exists.
46 error If you need help, you may report this error at:
46 error     <https://github.com/npm/npm/issues>
47 verbose exit [ 1, true ]
