➤ YN0000: Found 70 package(s) to process
➤ YN0000: For a grand total of 3715 file(s) to validate

➤ YN0000: ┌ /home/bertho/oa/packages/activity-apps/package.json
➤ YN0000: │ /home/bertho/oa/packages/activity-apps/package.json:44:24: Unmet transitive peer dependency on react-dom@>=16.3.0, via react-bootstrap@^0.33.1
➤ YN0000: │ /home/bertho/oa/packages/activity-apps/package.json:49:19: Unmet transitive peer dependency on immutable@^3.8.2, via redux-form@^8.1.0
➤ YN0000: │ /home/bertho/oa/packages/activity-apps/package.json:64:21: Unmet transitive peer dependency on webpack@>=2, via babel-loader@^8.1.0
➤ YN0000: └ Completed in 10s

➤ YN0000: ┌ /home/bertho/oa/packages/admin-agendas/package.json
➤ YN0000: │ /home/bertho/oa/packages/admin-agendas/package.json:43:18: Unmet transitive peer dependency on react-dom@^16.0.0, via rc-switch@^1.4.2
➤ YN0000: │ /home/bertho/oa/packages/admin-agendas/package.json:56:21: Unmet transitive peer dependency on webpack@>=2, via babel-loader@^8.0.6
➤ YN0000: └ Completed in 2.5s

➤ YN0000: ┌ /home/bertho/oa/packages/agenda-contribute/package.json
➤ YN0000: │ /home/bertho/oa/packages/agenda-contribute/client/build/app.js:19:41: Undeclared dependency on @openagenda/react-utils
➤ YN0000: │ /home/bertho/oa/packages/agenda-contribute/client/build/getRoutes.js:21:40: Undeclared dependency on @openagenda/react-utils
➤ YN0000: │ /home/bertho/oa/packages/agenda-contribute/client/build/index.js:40:29: Undeclared dependency on @babel/polyfill
➤ YN0000: └ Completed in 1.85s

➤ YN0000: ┌ /home/bertho/oa/packages/agenda-event-references/package.json
➤ YN0000: │ /home/bertho/oa/packages/agenda-event-references/package.json:47:21: Unmet transitive peer dependency on webpack@>=2, via babel-loader@^8.0.6
➤ YN0000: └ Completed in 2.6s

➤ YN0000: ┌ /home/bertho/oa/packages/agenda-events/package.json
➤ YN0000: └ Completed in 0.46s

➤ YN0000: ┌ /home/bertho/oa/packages/agenda-locations/package.json
➤ YN0000: │ /home/bertho/oa/packages/agenda-locations/package.json:28:33: Unmet transitive peer dependency on react-dom@15 || 16, via @openagenda/image-upload@^1.0.8
➤ YN0000: │ /home/bertho/oa/packages/agenda-locations/package.json:49:18: Unmet transitive peer dependency on react-dom@^16.0.0, via rc-switch@^1.3.2
➤ YN0000: │ /home/bertho/oa/packages/agenda-locations/package.json:50:21: Unmet transitive peer dependency on react-dom@^16.8.0, via react-select@^3.0.8
➤ YN0000: │ /home/bertho/oa/packages/agenda-locations/package.json:66:21: Unmet transitive peer dependency on webpack@>=2, via babel-loader@^8.0.6
➤ YN0000: └ Completed in 3.93s

➤ YN0000: ┌ /home/bertho/oa/packages/agenda-portal/package.json
➤ YN0000: │ /home/bertho/oa/packages/agenda-portal/package.json:31:18: Unmet transitive peer dependency on jquery@1.9.1 - 3, via bootstrap@^4.1.3
➤ YN0000: │ /home/bertho/oa/packages/agenda-portal/package.json:31:18: Unmet transitive peer dependency on popper.js@^1.16.0, via bootstrap@^4.1.3
➤ YN0000: └ Completed in 2.67s

➤ YN0000: ┌ /home/bertho/oa/packages/agenda-schema/package.json
➤ YN0000: │ /home/bertho/oa/packages/agenda-schema/package.json:12:35: Unmet transitive peer dependency on react-redux@^7.1.1, via @openagenda/call-to-action@^2.2.2
➤ YN0000: │ /home/bertho/oa/packages/agenda-schema/package.json:12:35: Unmet transitive peer dependency on redux@^4.0.5, via @openagenda/call-to-action@^2.2.2
➤ YN0000: └ Completed in 1.1s

➤ YN0000: ┌ /home/bertho/oa/packages/agenda-search/package.json
➤ YN0000: │ /home/bertho/oa/packages/agenda-search/package.json:51:21: Unmet transitive peer dependency on webpack@>=2, via babel-loader@^8.0.6
➤ YN0000: └ Completed in 0.78s

➤ YN0000: ┌ /home/bertho/oa/packages/agenda-settings/package.json
➤ YN0000: │ /home/bertho/oa/packages/agenda-settings/package.json:27:33: Unmet transitive peer dependency on react-dom@15 || 16, via @openagenda/image-upload@^1.0.8
➤ YN0000: │ /home/bertho/oa/packages/agenda-settings/package.json:45:19: Unmet transitive peer dependency on immutable@^3.8.2, via redux-form@^8.1.0
➤ YN0000: │ /home/bertho/oa/packages/agenda-settings/package.json:61:21: Unmet transitive peer dependency on webpack@>=2, via babel-loader@^8.0.6
➤ YN0000: └ Completed in 2.69s

➤ YN0000: ┌ /home/bertho/oa/packages/aggregator-sources/package.json
➤ YN0000: │ /home/bertho/oa/packages/aggregator-sources/package.json:43:28: Unmet transitive peer dependency on react-dom@^16.8.5, via react-beautiful-dnd@^13.0.0
➤ YN0000: │ /home/bertho/oa/packages/aggregator-sources/package.json:47:25: Unmet transitive peer dependency on @types/react@^15.0.0 || ^16.0.0, via react-hot-loader@^4.12.19
➤ YN0000: │ /home/bertho/oa/packages/aggregator-sources/package.json:47:25: Unmet transitive peer dependency on react-dom@^15.0.0 || ^16.0.0, via react-hot-loader@^4.12.19
➤ YN0000: │ /home/bertho/oa/packages/aggregator-sources/package.json:53:21: Unmet transitive peer dependency on react-dom@^16.8.0, via react-select@^3.0.8
➤ YN0000: │ /home/bertho/oa/packages/aggregator-sources/package.json:54:18: Unmet transitive peer dependency on react-dom@^16.8.0, via react-use@^13.22.3
➤ YN0000: └ Completed in 5.32s

➤ YN0000: ┌ /home/bertho/oa/packages/babel-preset/package.json
➤ YN0000: │ /home/bertho/oa/packages/babel-preset/package.json:30:25: Unmet transitive peer dependency on @types/react@^15.0.0 || ^16.0.0, via react-hot-loader@^4.12.19
➤ YN0000: │ /home/bertho/oa/packages/babel-preset/package.json:30:25: Unmet transitive peer dependency on react@^15.0.0 || ^16.0.0, via react-hot-loader@^4.12.19
➤ YN0000: │ /home/bertho/oa/packages/babel-preset/package.json:30:25: Unmet transitive peer dependency on react-dom@^15.0.0 || ^16.0.0, via react-hot-loader@^4.12.19
➤ YN0000: └ Completed in 3.9s

➤ YN0000: ┌ /home/bertho/oa/packages/call-to-action/package.json
➤ YN0000: │ /home/bertho/oa/packages/call-to-action/package.json:26:32: Unmet transitive peer dependency on @loadable/component@^5.12.0, via @openagenda/react-utils@^4.0.0
➤ YN0000: │ /home/bertho/oa/packages/call-to-action/package.json:26:32: Unmet transitive peer dependency on react-router@^5.0.0, via @openagenda/react-utils@^4.0.0
➤ YN0000: │ /home/bertho/oa/packages/call-to-action/package.json:26:32: Unmet transitive peer dependency on react-router-dom@^5.0.0, via @openagenda/react-utils@^4.0.0
➤ YN0000: │ /home/bertho/oa/packages/call-to-action/package.json:30:19: Unmet transitive peer dependency on immutable@^3.8.2, via redux-form@^8.1.0
➤ YN0000: │ /home/bertho/oa/packages/call-to-action/package.json:40:21: Unmet transitive peer dependency on webpack@>=2, via babel-loader@^8.0.6
➤ YN0000: └ Completed in 0.6s

➤ YN0000: ┌ /home/bertho/oa/packages/cibul-node/package.json
➤ YN0000: │ /home/bertho/oa/packages/cibul-node/general/test/resetApiCounters.js:19:7: Undeclared dependency on cibulModel
➤ YN0000: │ /home/bertho/oa/packages/cibul-node/general/test/resetApiCounters.js:23:15: Undeclared dependency on cibulModel
➤ YN0000: │ /home/bertho/oa/packages/cibul-node/services/admin/test/admin.js:11:9: Undeclared dependency on cibulModel
➤ YN0000: │ /home/bertho/oa/packages/cibul-node/services/admin/test/admin.js:13:12: Undeclared dependency on cibulModel
➤ YN0000: │ /home/bertho/oa/packages/cibul-node/services/event/test/oembed.js:11:15: Undeclared dependency on cibulModel
➤ YN0000: │ /home/bertho/oa/packages/cibul-node/services/event/test/state.js:13:15: Undeclared dependency on cibulModel
➤ YN0000: │ /home/bertho/oa/packages/cibul-node/package.json:41:35: Unmet transitive peer dependency on react-redux@^7.1.1, via @openagenda/call-to-action@^2.2.2
➤ YN0000: └ Completed in 27.12s

➤ YN0000: ┌ /home/bertho/oa/packages/cibul-templates/package.json
➤ YN0000: │ /home/bertho/oa/packages/cibul-templates/prodify/babelExcludeRegex.js:16:40: Strings should avoid referencing the node_modules directory (prefer require.resolve)
➤ YN0000: │ /home/bertho/oa/packages/cibul-templates/prodify/config.dev.js:31:17: Webpack configs from non-private packages should avoid referencing loaders without require.resolve
➤ YN0000: │ /home/bertho/oa/packages/cibul-templates/prodify/config.dev.js:35:17: Webpack configs from non-private packages should avoid referencing loaders without require.resolve
➤ YN0000: │ /home/bertho/oa/packages/cibul-templates/prodify/config.dev.js:44:17: Webpack configs from non-private packages should avoid referencing loaders without require.resolve
➤ YN0000: │ /home/bertho/oa/packages/cibul-templates/prodify/config.dev.js:48:17: Webpack configs from non-private packages should avoid referencing loaders without require.resolve
➤ YN0000: │ /home/bertho/oa/packages/cibul-templates/prodify/config.prod.js:32:17: Webpack configs from non-private packages should avoid referencing loaders without require.resolve
➤ YN0000: │ /home/bertho/oa/packages/cibul-templates/prodify/config.prod.js:41:17: Webpack configs from non-private packages should avoid referencing loaders without require.resolve
➤ YN0000: │ /home/bertho/oa/packages/cibul-templates/prodify/config.prod.js:45:17: Webpack configs from non-private packages should avoid referencing loaders without require.resolve
➤ YN0000: │ /home/bertho/oa/packages/cibul-templates/prodify/prodify.js:89:48: Strings should avoid referencing the node_modules directory (prefer require.resolve)
➤ YN0000: │ /home/bertho/oa/packages/cibul-templates/locations/js/App.jsx:7:28: Strings should avoid referencing the node_modules directory (prefer require.resolve)
➤ YN0000: │ /home/bertho/oa/packages/cibul-templates/eventForm/js/legacy/handleEventImage.js:52:15: Webpack configs from non-private packages should avoid referencing loaders without require.resolve
➤ YN0000: │ /home/bertho/oa/packages/cibul-templates/eventForm/js/legacy/handlePlaceFetch.js:62:15: Webpack configs from non-private packages should avoid referencing loaders without require.resolve
➤ YN0000: │ /home/bertho/oa/packages/cibul-templates/js/lib/maps/maps.js:20:10: Webpack configs from non-private packages should avoid referencing loaders without require.resolve
➤ YN0000: │ /home/bertho/oa/packages/cibul-templates/js/lib/maps/maps.mod.js:10:8: Webpack configs from non-private packages should avoid referencing loaders without require.resolve
➤ YN0000: │ /home/bertho/oa/packages/cibul-templates/package.json:105:25: Unmet transitive peer dependency on @types/react@^15.0.0 || ^16.0.0, via react-hot-loader@^4.12.19
➤ YN0000: └ Completed in 19.69s

➤ YN0000: ┌ /home/bertho/oa/packages/event-form/package.json
➤ YN0000: │ /home/bertho/oa/packages/event-form/dev/locationApp.js:4:20: Undeclared dependency on body-parser
➤ YN0000: │ /home/bertho/oa/packages/event-form/dev/referencesApp.js:4:20: Undeclared dependency on body-parser
➤ YN0000: │ /home/bertho/oa/packages/event-form/dev/webpack.js:24:12: Webpack configs from non-private packages should avoid referencing loaders without require.resolve
➤ YN0000: │ /home/bertho/oa/packages/event-form/dev/webpack.js:25:17: Webpack configs from non-private packages should avoid referencing loaders without require.resolve
➤ YN0000: │ /home/bertho/oa/packages/event-form/package.json:18:40: Unmet transitive peer dependency on final-form@^4.18.5, via @openagenda/react-timingspicker@^1.0.0
➤ YN0000: └ Completed in 1.27s

➤ YN0000: ┌ /home/bertho/oa/packages/form-schemas/package.json
➤ YN0000: │ /home/bertho/oa/packages/form-schemas/package.json:22:32: Unmet transitive peer dependency on @loadable/component@^5.12.0, via @openagenda/react-utils@^4.0.0
➤ YN0000: │ /home/bertho/oa/packages/form-schemas/package.json:22:32: Unmet transitive peer dependency on react-router@^5.0.0, via @openagenda/react-utils@^4.0.0
➤ YN0000: │ /home/bertho/oa/packages/form-schemas/package.json:22:32: Unmet transitive peer dependency on react-router-dom@^5.0.0, via @openagenda/react-utils@^4.0.0
➤ YN0000: │ /home/bertho/oa/packages/form-schemas/package.json:22:32: Unmet transitive peer dependency on redux@^4.0.5, via @openagenda/react-utils@^4.0.0
➤ YN0000: └ Completed in 3.52s

➤ YN0000: ┌ /home/bertho/oa/packages/home/package.json
➤ YN0000: │ /home/bertho/oa/packages/home/package.json:40:25: Unmet transitive peer dependency on @types/react@^15.0.0 || ^16.0.0, via react-hot-loader@^4.12.19
➤ YN0000: │ /home/bertho/oa/packages/home/package.json:40:25: Unmet transitive peer dependency on react-dom@^15.0.0 || ^16.0.0, via react-hot-loader@^4.12.19
➤ YN0000: │ /home/bertho/oa/packages/home/package.json:43:18: Unmet transitive peer dependency on react-dom@^16.8.0, via react-use@^13.22.3
➤ YN0000: └ Completed in 0.85s

➤ YN0000: ┌ /home/bertho/oa/packages/inbox-apps/package.json
➤ YN0000: │ /home/bertho/oa/packages/inbox-apps/package.json:46:25: Unmet transitive peer dependency on @types/react@^15.0.0 || ^16.0.0, via react-hot-loader@^4.12.19
➤ YN0000: │ /home/bertho/oa/packages/inbox-apps/package.json:46:25: Unmet transitive peer dependency on react-dom@^15.0.0 || ^16.0.0, via react-hot-loader@^4.12.19
➤ YN0000: │ /home/bertho/oa/packages/inbox-apps/package.json:67:21: Unmet transitive peer dependency on webpack@>=2, via babel-loader@^8.0.6
➤ YN0000: └ Completed in 2.55s

➤ YN0000: ┌ /home/bertho/oa/packages/keys/package.json
➤ YN0000: │ /home/bertho/oa/packages/keys/scripts/transferAgendaKeys.js:4:15: Undeclared dependency on async
➤ YN0000: │ /home/bertho/oa/packages/keys/scripts/transferUserKeys.js:4:15: Undeclared dependency on async
➤ YN0000: └ Completed in 0.47s

➤ YN0000: ┌ /home/bertho/oa/packages/labels/package.json
➤ YN0000: │ /home/bertho/oa/packages/labels/CSVToLabels.js:3:11: Undeclared dependency on lodash
➤ YN0000: │ /home/bertho/oa/packages/labels/all.js:41:37: Strings should avoid referencing the node_modules directory (prefer require.resolve)
➤ YN0000: │ /home/bertho/oa/packages/labels/labelsToCSV.js:3:11: Undeclared dependency on lodash
➤ YN0000: │ /home/bertho/oa/packages/labels/labelsToCSV.js:4:14: Undeclared dependency on walk
➤ YN0000: │ /home/bertho/oa/packages/labels/labelsToCSV.js:62:32: Strings should avoid referencing the node_modules directory (prefer require.resolve)
➤ YN0000: │ /home/bertho/oa/packages/labels/lib/helpers.js:4:11: Undeclared dependency on lodash
➤ YN0000: │ /home/bertho/oa/packages/labels/lib/helpers.js:5:13: Undeclared dependency on fast-csv
➤ YN0000: └ Completed in 0.74s

➤ YN0000: ┌ /home/bertho/oa/packages/landing/package.json
➤ YN0000: │ /home/bertho/oa/packages/landing/app.js:17:44: Strings should avoid referencing the node_modules directory (prefer require.resolve)
➤ YN0000: │ /home/bertho/oa/packages/landing/app.js:67:48: Strings should avoid referencing the node_modules directory (prefer require.resolve)
➤ YN0000: └ Completed in 0.45s

➤ YN0000: ┌ /home/bertho/oa/packages/bs-templates/package.json
➤ YN0000: │ /home/bertho/oa/packages/bs-templates/server.js:58:48: Strings should avoid referencing the node_modules directory (prefer require.resolve)
➤ YN0000: │ /home/bertho/oa/packages/bs-templates/scripts/recursiveListPaths.js:13:16: Strings should avoid referencing the node_modules directory (prefer require.resolve)
➤ YN0000: │ /home/bertho/oa/packages/bs-templates/package.json:22:25: Unmet transitive peer dependency on moment@^2.20.0, via react-datepicker@^1.6.0
➤ YN0000: │ /home/bertho/oa/packages/bs-templates/package.json:22:25: Unmet transitive peer dependency on react@^16.0.0, via react-datepicker@^1.6.0
➤ YN0000: │ /home/bertho/oa/packages/bs-templates/package.json:22:25: Unmet transitive peer dependency on react-dom@^16.0.0, via react-datepicker@^1.6.0
➤ YN0000: │ /home/bertho/oa/packages/bs-templates/package.json:23:25: Unmet transitive peer dependency on react@~0.13.x || ~0.14.x || ^15.0.0 || ^16.0.0, via react-day-picker@^7.3.0
➤ YN0000: └ Completed in 1.16s

➤ YN0000: ┌ /home/bertho/oa/packages/mails/package.json
➤ YN0000: │ /home/bertho/oa/packages/mails/server.dev.js:23:7: Strings should avoid referencing the node_modules directory (prefer require.resolve)
➤ YN0000: └ Completed in 0.7s

➤ YN0000: ┌ /home/bertho/oa/packages/member-apps/package.json
➤ YN0000: │ /home/bertho/oa/packages/member-apps/package.json:50:24: Unmet transitive peer dependency on react-dom@>=16.3.0, via react-bootstrap@^0.33.1
➤ YN0000: └ Completed in 0.95s

➤ YN0000: ┌ /home/bertho/oa/packages/react-components/package.json
➤ YN0000: │ /home/bertho/oa/packages/react-components/package.json:21:24: Unmet transitive peer dependency on react-dom@>=16.3.0, via react-bootstrap@^0.33.1
➤ YN0000: └ Completed in 0.99s

➤ YN0000: ┌ /home/bertho/oa/packages/react-form-components/package.json
➤ YN0000: │ /home/bertho/oa/packages/react-form-components/package.json:25:21: Unmet transitive peer dependency on react-dom@^16.8.0, via react-select@^3.0.8
➤ YN0000: │ /home/bertho/oa/packages/react-form-components/package.json:36:21: Unmet transitive peer dependency on webpack@>=2, via babel-loader@^8.0.6
➤ YN0000: └ Completed in 1.01s

➤ YN0000: ┌ /home/bertho/oa/packages/react-integration-app/package.json
➤ YN0000: │ /home/bertho/oa/packages/react-integration-app/webpack.config.js:32:3: Strings should avoid referencing the node_modules directory (prefer require.resolve)
➤ YN0000: │ /home/bertho/oa/packages/react-integration-app/package.json:53:25: Unmet transitive peer dependency on @types/react@^15.0.0 || ^16.0.0, via react-hot-loader@^4.12.19
➤ YN0000: └ Completed in 7.99s

➤ YN0000: ┌ /home/bertho/oa/packages/react-layouts/package.json
➤ YN0000: │ /home/bertho/oa/packages/react-layouts/package.json:26:34: Unmet transitive peer dependency on @loadable/component@^5.12.0, via @openagenda/activity-apps@^1.1.2
➤ YN0000: │ /home/bertho/oa/packages/react-layouts/package.json:30:32: Unmet transitive peer dependency on @loadable/component@^5.12.0, via @openagenda/react-utils@^4.0.0
➤ YN0000: │ /home/bertho/oa/packages/react-layouts/package.json:40:36: Unmet transitive peer dependency on react-dom@^0.14 || >=15, via react-outside-click-handler@^1.3.0
➤ YN0000: │ /home/bertho/oa/packages/react-layouts/package.json:43:18: Unmet transitive peer dependency on react-dom@^16.8.0, via react-use@^13.22.3
➤ YN0000: └ Completed in 0.92s

➤ YN0000: ┌ /home/bertho/oa/packages/react-timingspicker/package.json
➤ YN0000: │ /home/bertho/oa/packages/react-timingspicker/package.json:40:20: Unmet transitive peer dependency on react-dom@^0.14.0 || ^15.0.0 || ^16, via react-modal@^3.11.1
➤ YN0000: │ /home/bertho/oa/packages/react-timingspicker/package.json:41:30: Unmet transitive peer dependency on react-dom@^16.0.0, via react-resize-detector@^4.2.1
➤ YN0000: │ /home/bertho/oa/packages/react-timingspicker/package.json:42:21: Unmet transitive peer dependency on react-dom@^16.8.0, via react-select@^3.0.8
➤ YN0000: │ /home/bertho/oa/packages/react-timingspicker/package.json:56:21: Unmet transitive peer dependency on webpack@>=2, via babel-loader@^8.0.6
➤ YN0000: └ Completed in 3.52s

➤ YN0000: ┌ /home/bertho/oa/packages/user-apps/package.json
➤ YN0000: │ /home/bertho/oa/packages/user-apps/package.json:17:30: Unmet transitive peer dependency on final-form@^4.18.5, via @openagenda/abilities@^1.1.3
➤ YN0000: │ /home/bertho/oa/packages/user-apps/package.json:17:30: Unmet transitive peer dependency on react-dom@^16.12.0, via @openagenda/abilities@^1.1.3
➤ YN0000: │ /home/bertho/oa/packages/user-apps/package.json:19:33: Unmet transitive peer dependency on react-dom@15 || 16, via @openagenda/image-upload@^1.0.8
➤ YN0000: │ /home/bertho/oa/packages/user-apps/package.json:23:26: Unmet transitive peer dependency on @openagenda/image-files@^1.1.2, via @openagenda/users@^3.0.0
➤ YN0000: │ /home/bertho/oa/packages/user-apps/package.json:34:19: Unmet transitive peer dependency on immutable@^3.8.2, via redux-form@^8.1.0
➤ YN0000: │ /home/bertho/oa/packages/user-apps/package.json:50:21: Unmet transitive peer dependency on webpack@>=2, via babel-loader@^8.0.6
➤ YN0000: └ Completed in 0.86s
