Arguments: 
  /home/bertho/.nvm/versions/node/v6.2.0/bin/node /home/bertho/.nvm/versions/node/v6.2.0/bin/yarn

PATH: 
  /home/bertho/.phpbrew/php/php-5.6.22/bin:/home/bertho/.phpbrew/bin:/home/bertho/.nvm/versions/node/v6.2.0/bin:/usr/local/sbin:/usr/local/bin:/usr/sbin:/usr/bin:/sbin:/bin:/usr/games:/usr/local/games:/snap/bin

Yarn version: 
  0.16.1

Node version: 
  6.2.0

Platform: 
  linux x64

npm manifest: 
  {
    "name": "users",
    "version": "1.0.0",
    "description": "",
    "main": "service/index.js",
    "scripts": {
      "test": "mocha --compilers js:babel-core/register",
      "start": "node test/app",
      "watch": "nodemon --watch test --watch middleware --watch service --exec 'npm run start'",
      "build": "babel react/src -d react/build"
    },
    "repository": {
      "type": "git",
      "url": "git +ssh://git@bitbucket.org/openagenda/users.git"
    },
    "author": "",
    "license": "ISC",
    "homepage": "https://bitbucket.org/openagenda/users#readme",
    "dependencies": {
      "babel-loader": "^6.2.4",
      "babel-plugin-add-module-exports": "^0.2.1",
      "babel-plugin-resolver": "0.0.7",
      "babel-plugin-transform-decorators-legacy": "^1.3.4",
      "babel-plugin-transform-react-display-name": "^6.8.0",
      "babel-plugin-transform-runtime": "^6.9.0",
      "babel-preset-es2015": "^6.6.0",
      "babel-preset-react": "^6.5.0",
      "babel-preset-stage-0": "^6.5.0",
      "basic-logger": "git+ssh://git@bitbucket.org/openagenda/basic-logger.git",
      "csurf": "^1.8.3",
      "dom-utils": "git+ssh://git@bitbucket.org/openagenda/dom-utils.git",
      "files": "git+ssh://git@bitbucket.org/openagenda/files.git",
      "history": "^2.1.1",
      "image-upload": "git+ssh://git@bitbucket.org/openagenda/image-upload.git",
      "images": "git+ssh://git@bitbucket.org/openagenda/images.git",
      "knex": "^0.10.0",
      "labels": "git+ssh://git@bitbucket.org/openagenda/labels.git",
      "mailer": "git+ssh://git@bitbucket.org/openagenda/mailer.git",
      "mysql": "^2.10.2",
      "react-components": "git+ssh://git@bitbucket.org/openagenda/react-components.git",
      "react-dom": "0.14.7",
      "react-form-components": "git+ssh://git@bitbucket.org/openagenda/react-form-components.git",
      "react-redux": "^4.4.5",
      "react-router": "^2.4.0",
      "react-router-redux": "^4.0.4",
      "redux": "^3.5.2",
      "redux-devtools": "^3.2.0",
      "redux-devtools-dock-monitor": "^1.1.1",
      "redux-devtools-log-monitor": "^1.0.11",
      "redux-form": "^5.2.3",
      "spinner": "git+ssh://git@bitbucket.org/openagenda/spinner.git",
      "superagent": "^2.0.0-alpha.3",
      "utils": "git+ssh://git@bitbucket.org/openagenda/utils.git",
      "validators": "git+ssh://git@bitbucket.org/openagenda/validators.git",
      "when": "^3.7.7"
    },
    "devDependencies": {
      "babel-cli": "^6.11.4",
      "babel-plugin-react-transform": "^2.0.2",
      "babel-runtime": "^6.9.2",
      "body-parser": "^1.15.1",
      "bs-templates": "git+ssh://git@bitbucket.org/openagenda/bs-templates.git",
      "cookie-parser": "^1.4.3",
      "fixtures": "git+ssh://git@bitbucket.org/openagenda/fixtures.git",
      "react": "0.14.7",
      "react-transform-catch-errors": "^1.0.2",
      "redbox-react": "^1.2.6",
      "redux-mock-store": "^1.0.2",
      "should": "^8.3.1",
      "test-app": "git+ssh://git@bitbucket.org/openagenda/test-app.git"
    },
    "peerDependencies": {
      "react": "0.14.7"
    }
  }

yarn manifest: 
  No manifest

bower manifest: 
  No manifest

Lockfile: 
  No lockfile

Trace: 
  Error: read ETIMEDOUT
      at exports._errnoException (util.js:953:11)
      at TLSWrap.onread (net.js:563:26)
