Arguments: 
  /home/bertho/.nvm/versions/node/v8.6.0/bin/node /usr/share/yarn/bin/yarn.js publish

PATH: 
  /home/bertho/.phpbrew/php/php-5.6.22/bin:/home/bertho/.phpbrew/bin:/home/bertho/.nvm/versions/node/v8.6.0/bin:/usr/local/sbin:/usr/local/bin:/usr/sbin:/usr/bin:/sbin:/bin:/usr/games:/usr/local/games:/snap/bin:/home/bertho/.rvm/bin

Yarn version: 
  1.2.1

Node version: 
  8.6.0

Platform: 
  linux x64

npm manifest: 
  {
    "name": "dom-utils",
    "version": "2.0.0",
    "description": "",
    "main": "index.js",
    "scripts": {
      "test": "echo \"Error: no test specified\" && exit 1",
      "postversion": "git push origin && git push origin --tags",
      "release:patch": "npm version patch && npm publish",
      "release:minor": "npm version minor && npm publish",
      "release:major": "npm version major && npm publish",
      "release:prerelease": "npm version prerelease && npm publish --tag pre"
    },
    "keywords": [],
    "author": "",
    "license": "ISC",
    "dependencies": {
      "es6-promise": "^3.2.1",
      "qs": "^6.1.0",
      "utils": "git+ssh://git@bitbucket.org/openagenda/utils.git"
    }
  }

yarn manifest: 
  No manifest

Lockfile: 
  # THIS IS AN AUTOGENERATED FILE. DO NOT EDIT THIS FILE DIRECTLY.
  # yarn lockfile v1
  dom-walk@^0.1.0:
    version "0.1.1"
    resolved "https://registry.yarnpkg.com/dom-walk/-/dom-walk-0.1.1.tgz#672226dc74c8f799ad35307df936aba11acd6018"
  
  es6-promise@^3.2.1:
    version "3.3.1"
    resolved "https://registry.yarnpkg.com/es6-promise/-/es6-promise-3.3.1.tgz#a08cdde84ccdbf34d027a1451bc91d4bcd28a613"
  
  for-each@^0.3.2:
    version "0.3.2"
    resolved "https://registry.yarnpkg.com/for-each/-/for-each-0.3.2.tgz#2c40450b9348e97f281322593ba96704b9abd4d4"
    dependencies:
      is-function "~1.0.0"
  
  global@~4.3.0:
    version "4.3.1"
    resolved "https://registry.yarnpkg.com/global/-/global-4.3.1.tgz#5f757908c7cbabce54f386ae440e11e26b7916df"
    dependencies:
      min-document "^2.19.0"
      process "~0.5.1"
  
  is-function@^1.0.1, is-function@~1.0.0:
    version "1.0.1"
    resolved "https://registry.yarnpkg.com/is-function/-/is-function-1.0.1.tgz#12cfb98b65b57dd3d193a3121f5f6e2f437602b5"
  
  min-document@^2.19.0:
    version "2.19.0"
    resolved "https://registry.yarnpkg.com/min-document/-/min-document-2.19.0.tgz#7bd282e3f5842ed295bb748cdd9f1ffa2c824685"
    dependencies:
      dom-walk "^0.1.0"
  
  parse-headers@^2.0.0:
    version "2.0.1"
    resolved "https://registry.yarnpkg.com/parse-headers/-/parse-headers-2.0.1.tgz#6ae83a7aa25a9d9b700acc28698cd1f1ed7e9536"
    dependencies:
      for-each "^0.3.2"
      trim "0.0.1"
  
  process@~0.5.1:
    version "0.5.2"
    resolved "https://registry.yarnpkg.com/process/-/process-0.5.2.tgz#1638d8a8e34c2f440a91db95ab9aeb677fc185cf"
  
  qs@^6.1.0:
    version "6.3.0"
    resolved "https://registry.yarnpkg.com/qs/-/qs-6.3.0.tgz#f403b264f23bc01228c74131b407f18d5ea5d442"
  
  trim@0.0.1:
    version "0.0.1"
    resolved "https://registry.yarnpkg.com/trim/-/trim-0.0.1.tgz#5858547f6b290757ee95cccc666fb50084c460dd"
  
  "utils@git+ssh://git@bitbucket.org/openagenda/utils.git":
    version "0.0.91"
    resolved "git+ssh://git@bitbucket.org/openagenda/utils.git#6e07a02c0f900ca53188be775649b2f08c3b47da"
    dependencies:
      qs "^6.1.0"
      xhr "^2.2.2"
  
  xhr@^2.2.2:
    version "2.2.2"
    resolved "https://registry.yarnpkg.com/xhr/-/xhr-2.2.2.tgz#2ee72571869f8686d41559a9ea286c18971435ff"
    dependencies:
      global "~4.3.0"
      is-function "^1.0.1"
      parse-headers "^2.0.0"
      xtend "^4.0.0"
  
  xtend@^4.0.0:
    version "4.0.1"
    resolved "https://registry.yarnpkg.com/xtend/-/xtend-4.0.1.tgz#a5c6d532be656e23db820efb943a1f04998d63af"

Trace: 
  Error: https://registry.yarnpkg.com/dom-utils: You do not have permission to publish "dom-utils". Are you logged in as the correct user?
      at Request.params.callback [as _callback] (/usr/share/yarn/lib/cli.js:62027:18)
      at Request.self.callback (/usr/share/yarn/lib/cli.js:123011:22)
      at emitTwo (events.js:125:13)
      at Request.emit (events.js:213:7)
      at Request.<anonymous> (/usr/share/yarn/lib/cli.js:123994:10)
      at emitOne (events.js:115:13)
      at Request.emit (events.js:210:7)
      at Gunzip.<anonymous> (/usr/share/yarn/lib/cli.js:123914:12)
      at Object.onceWrapper (events.js:314:30)
      at emitNone (events.js:110:20)
