0 info it worked if it ends with ok
1 verbose cli [ '/home/kaore/.nvm/versions/node/v6.2.0/bin/node',
1 verbose cli   '/home/kaore/.nvm/versions/node/v6.2.0/bin/npm',
1 verbose cli   'run-script',
1 verbose cli   'serve' ]
2 info using npm@3.8.9
3 info using node@v6.2.0
4 verbose run-script [ 'preserve', 'serve', 'postserve' ]
5 info lifecycle react-components@1.0.0~preserve: react-components@1.0.0
6 verbose lifecycle react-components@1.0.0~preserve: unsafe-perm in lifecycle true
7 verbose lifecycle react-components@1.0.0~preserve: PATH: /home/kaore/.nvm/versions/node/v6.2.0/lib/node_modules/npm/bin/node-gyp-bin:/home/kaore/Dev/lib/react-components/node_modules/.bin:/home/kaore/.nvm/versions/node/v6.2.0/bin:/home/kaore/.nvm/versions/node/v6.2.0/lib/node_modules/npm/bin/node-gyp-bin:/home/kaore/Dev/lib/react-components/node_modules/.bin:/home/kaore/.nvm/versions/node/v6.2.0/bin:/home/kaore/.nvm/versions/node/v6.2.0/bin:/usr/local/sbin:/usr/local/bin:/usr/sbin:/usr/bin:/sbin:/bin
8 verbose lifecycle react-components@1.0.0~preserve: CWD: /home/kaore/Dev/lib/react-components
9 silly lifecycle react-components@1.0.0~preserve: Args: [ '-c', 'npm run-script babelify' ]
10 silly lifecycle react-components@1.0.0~preserve: Returned: code: 0  signal: null
11 info lifecycle react-components@1.0.0~serve: react-components@1.0.0
12 verbose lifecycle react-components@1.0.0~serve: unsafe-perm in lifecycle true
13 verbose lifecycle react-components@1.0.0~serve: PATH: /home/kaore/.nvm/versions/node/v6.2.0/lib/node_modules/npm/bin/node-gyp-bin:/home/kaore/Dev/lib/react-components/node_modules/.bin:/home/kaore/.nvm/versions/node/v6.2.0/bin:/home/kaore/.nvm/versions/node/v6.2.0/lib/node_modules/npm/bin/node-gyp-bin:/home/kaore/Dev/lib/react-components/node_modules/.bin:/home/kaore/.nvm/versions/node/v6.2.0/bin:/home/kaore/.nvm/versions/node/v6.2.0/bin:/usr/local/sbin:/usr/local/bin:/usr/sbin:/usr/bin:/sbin:/bin
14 verbose lifecycle react-components@1.0.0~serve: CWD: /home/kaore/Dev/lib/react-components
15 silly lifecycle react-components@1.0.0~serve: Args: [ '-c', 'node test/app' ]
16 silly lifecycle react-components@1.0.0~serve: Returned: code: 1  signal: null
17 info lifecycle react-components@1.0.0~serve: Failed to exec serve script
18 verbose stack Error: react-components@1.0.0 serve: `node test/app`
18 verbose stack Exit status 1
18 verbose stack     at EventEmitter.<anonymous> (/home/kaore/.nvm/versions/node/v6.2.0/lib/node_modules/npm/lib/utils/lifecycle.js:245:16)
18 verbose stack     at emitTwo (events.js:106:13)
18 verbose stack     at EventEmitter.emit (events.js:191:7)
18 verbose stack     at ChildProcess.<anonymous> (/home/kaore/.nvm/versions/node/v6.2.0/lib/node_modules/npm/lib/utils/spawn.js:24:14)
18 verbose stack     at emitTwo (events.js:106:13)
18 verbose stack     at ChildProcess.emit (events.js:191:7)
18 verbose stack     at maybeClose (internal/child_process.js:850:16)
18 verbose stack     at Process.ChildProcess._handle.onexit (internal/child_process.js:215:5)
19 verbose pkgid react-components@1.0.0
20 verbose cwd /home/kaore/Dev/lib/react-components
21 error Linux 3.13.0-93-generic
22 error argv "/home/kaore/.nvm/versions/node/v6.2.0/bin/node" "/home/kaore/.nvm/versions/node/v6.2.0/bin/npm" "run-script" "serve"
23 error node v6.2.0
24 error npm  v3.8.9
25 error code ELIFECYCLE
26 error react-components@1.0.0 serve: `node test/app`
26 error Exit status 1
27 error Failed at the react-components@1.0.0 serve script 'node test/app'.
27 error Make sure you have the latest version of node.js and npm installed.
27 error If you do, this is most likely a problem with the react-components package,
27 error not with npm itself.
27 error Tell the author that this fails on your system:
27 error     node test/app
27 error You can get information on how to open an issue for this project with:
27 error     npm bugs react-components
27 error Or if that isn't available, you can get their info via:
27 error     npm owner ls react-components
27 error There is likely additional logging output above.
28 verbose exit [ 1, true ]
